<?xml version="1.0" encoding="UTF-8"?>
<!-- Generated by org.testng.reporters.JUnitReportReporter -->
<testsuite skipped="0" hostname="Lenovo" name="com.saucedemo.testcases.TC_001_Customer_Login" tests="1" failures="0" timestamp="2021-12-13T08:18:33 IST" time="24.568" errors="0">
  <testcase name="Verify_TC_001_Customer_Login" time="24.568" classname="com.saucedemo.testcases.TC_001_Customer_Login"/>
  <system-out/>
</testsuite> <!-- com.saucedemo.testcases.TC_001_Customer_Login -->
